<?xml version="1.0" encoding="UTF-8"?>
<!-- Generated by org.testng.reporters.JUnitReportReporter -->
<testsuite hostname="PS-SBARANOVA" name="clients.Details_elements" tests="1" failures="0" timestamp="13 Apr 2016 13:37:35 GMT" time="12.293" errors="0">
  <testcase name="testUntitled9" time="12.293" classname="clients.Details_elements"/>
</testsuite> <!-- clients.Details_elements -->
