<?xml version="1.0" encoding="UTF-8"?>
<!-- Generated by org.testng.reporters.JUnitReportReporter -->
<testsuite hostname="Lana-laptop" name="clients.Details_elements" tests="1" failures="0" timestamp="17 Dec 2014 14:40:08 GMT" time="3.036" errors="0">
  <testcase name="testUntitled9" time="3.036" classname="clients.Details_elements"/>
</testsuite> <!-- clients.Details_elements -->
