<?xml version="1.0" encoding="UTF-8"?>
<!-- Generated by org.testng.reporters.JUnitReportReporter -->
<testsuite hostname="PC-SBARANOVA" name="blog.Captcha_disable" tests="1" failures="0" timestamp="17 Mar 2015 11:47:49 GMT" time="14.707" errors="0">
  <testcase name="testUntitled3" time="14.707" classname="blog.Captcha_disable"/>
</testsuite> <!-- blog.Captcha_disable -->
