<?xml version="1.0" encoding="UTF-8"?>
<!-- Generated by org.testng.reporters.JUnitReportReporter -->
<testsuite hostname="PC-SBARANOVA" name="home.JS_error" tests="1" failures="0" timestamp="17 Mar 2015 11:47:49 GMT" time="5.154" errors="0">
  <testcase name="testUntitled2" time="5.154" classname="home.JS_error"/>
</testsuite> <!-- home.JS_error -->
