<?xml version="1.0" encoding="UTF-8"?>
<!-- Generated by org.testng.reporters.JUnitReportReporter -->
<testsuite hostname="Lana-laptop" name="contact.Form_valid" tests="1" failures="0" timestamp="6 Aug 2014 11:05:15 GMT" time="32.961" errors="0">
  <testcase name="testUntitled6" time="32.961" classname="contact.Form_valid"/>
</testsuite> <!-- contact.Form_valid -->
