<?xml version="1.0" encoding="UTF-8"?>
<!-- Generated by org.testng.reporters.JUnitReportReporter -->
<testsuite hostname="Lana-laptop" name="clients.Details_elements" tests="1" failures="0" timestamp="14 Aug 2014 13:20:49 GMT" time="2.428" errors="0">
  <testcase name="testUntitled9" time="2.428" classname="clients.Details_elements"/>
</testsuite> <!-- clients.Details_elements -->
