<?xml version="1.0" encoding="UTF-8"?>
<!-- Generated by org.testng.reporters.JUnitReportReporter -->
<testsuite hostname="Lana-laptop" name="about.Contact_us" tests="1" failures="0" timestamp="29 Jul 2014 07:55:22 GMT" time="3.922" errors="0">
  <testcase name="testUntitled6" time="3.922" classname="about.Contact_us"/>
</testsuite> <!-- about.Contact_us -->
