<?xml version="1.0" encoding="UTF-8"?>
<!-- Generated by org.testng.reporters.JUnitReportReporter -->
<testsuite hostname="Lana-laptop" name="services.JS_error" tests="1" failures="0" timestamp="14 Aug 2014 13:20:49 GMT" time="1.411" errors="0">
  <testcase name="testUntitled4" time="1.411" classname="services.JS_error"/>
</testsuite> <!-- services.JS_error -->
