<?xml version="1.0" encoding="UTF-8"?>
<!-- Generated by org.testng.reporters.JUnitReportReporter -->
<testsuite hostname="Lana-laptop" name="clients.JS_error" tests="1" failures="0" timestamp="14 Aug 2014 13:20:49 GMT" time="16.633" errors="0">
  <testcase name="testUntitled4" time="16.633" classname="clients.JS_error"/>
</testsuite> <!-- clients.JS_error -->
