<?xml version="1.0" encoding="UTF-8"?>
<!-- Generated by org.testng.reporters.JUnitReportReporter -->
<testsuite hostname="Lana-laptop" name="home.Newsletter_valid" tests="1" failures="0" timestamp="29 Jul 2014 06:22:45 GMT" time="5.334" errors="0">
  <testcase name="testUntitled3" time="5.334" classname="home.Newsletter_valid"/>
</testsuite> <!-- home.Newsletter_valid -->
