<?xml version="1.0" encoding="UTF-8"?>
<!-- Generated by org.testng.reporters.JUnitReportReporter -->
<testsuite hostname="PS-SBARANOVA" name="blog.Blog_page" tests="1" failures="0" timestamp="14 Apr 2016 06:50:02 GMT" time="6.398" errors="0">
  <testcase name="testUntitled2" time="6.398" classname="blog.Blog_page"/>
</testsuite> <!-- blog.Blog_page -->
