<?xml version="1.0" encoding="UTF-8"?>
<!-- Generated by org.testng.reporters.JUnitReportReporter -->
<testsuite hostname="PS-SBARANOVA" name="home.Newsletter_valid" tests="1" failures="0" timestamp="8 Jul 2015 07:42:48 GMT" time="2.250" errors="0">
  <testcase name="testUntitled3" time="2.250" classname="home.Newsletter_valid"/>
</testsuite> <!-- home.Newsletter_valid -->
