<?xml version="1.0" encoding="UTF-8"?>
<!-- Generated by org.testng.reporters.JUnitReportReporter -->
<testsuite hostname="PS-SBARANOVA" name="contact.Form_valid" tests="1" failures="0" timestamp="8 Jul 2015 07:42:48 GMT" time="35.775" errors="0">
  <testcase name="testUntitled6" time="35.775" classname="contact.Form_valid"/>
</testsuite> <!-- contact.Form_valid -->
