<?xml version="1.0" encoding="UTF-8"?>
<!-- Generated by org.testng.reporters.JUnitReportReporter -->
<testsuite hostname="PS-SBARANOVA" name="about.Contact_us" tests="1" failures="0" timestamp="8 Jul 2015 07:42:48 GMT" time="1.543" errors="0">
  <testcase name="testUntitled6" time="1.543" classname="about.Contact_us"/>
</testsuite> <!-- about.Contact_us -->
