<?xml version="1.0" encoding="UTF-8"?>
<!-- Generated by org.testng.reporters.JUnitReportReporter -->
<testsuite hostname="PS-SBARANOVA" name="blog.Blog_page" tests="1" failures="0" timestamp="8 Jul 2015 07:42:48 GMT" time="6.157" errors="0">
  <testcase name="testUntitled2" time="6.157" classname="blog.Blog_page"/>
</testsuite> <!-- blog.Blog_page -->
