<?xml version="1.0" encoding="UTF-8"?>
<!-- Generated by org.testng.reporters.JUnitReportReporter -->
<testsuite hostname="PS-SBARANOVA" name="blog.JS_error_blog" tests="1" failures="0" timestamp="14 Apr 2016 06:50:02 GMT" time="6.385" errors="0">
  <testcase name="testUntitled4" time="6.385" classname="blog.JS_error_blog"/>
</testsuite> <!-- blog.JS_error_blog -->
