<?xml version="1.0" encoding="UTF-8"?>
<!-- Generated by org.testng.reporters.JUnitReportReporter -->
<testsuite hostname="Lana-laptop" name="contact.Form_empty" tests="1" failures="0" timestamp="14 Aug 2014 13:20:49 GMT" time="0.943" errors="0">
  <testcase name="testUntitled4" time="0.943" classname="contact.Form_empty"/>
</testsuite> <!-- contact.Form_empty -->
