<?xml version="1.0" encoding="UTF-8"?>
<!-- Generated by org.testng.reporters.JUnitReportReporter -->
<testsuite hostname="Lana-laptop" name="clients.JS_error" tests="1" failures="0" timestamp="17 Dec 2014 14:40:08 GMT" time="9.893" errors="0">
  <testcase name="testUntitled4" time="9.893" classname="clients.JS_error"/>
</testsuite> <!-- clients.JS_error -->
