<?xml version="1.0" encoding="UTF-8"?>
<!-- Generated by org.testng.reporters.JUnitReportReporter -->
<testsuite hostname="PC-SBARANOVA" name="contact.Form_valid" tests="1" failures="0" timestamp="17 Mar 2015 11:47:49 GMT" time="53.062" errors="0">
  <testcase name="testUntitled6" time="53.062" classname="contact.Form_valid"/>
</testsuite> <!-- contact.Form_valid -->
