<?xml version="1.0" encoding="UTF-8"?>
<!-- Generated by org.testng.reporters.JUnitReportReporter -->
<testsuite hostname="PS-SBARANOVA" name="home.Newsletter_empty" tests="1" failures="0" timestamp="13 Apr 2016 08:28:26 GMT" time="9.019" errors="0">
  <testcase name="testUntitled5" time="9.019" classname="home.Newsletter_empty"/>
</testsuite> <!-- home.Newsletter_empty -->
