<?xml version="1.0" encoding="UTF-8"?>
<!-- Generated by org.testng.reporters.JUnitReportReporter -->
<testsuite hostname="PS-SBARANOVA" name="home.Newsletter_empty" tests="1" failures="0" timestamp="8 Jul 2015 07:42:48 GMT" time="5.511" errors="0">
  <testcase name="testUntitled5" time="5.511" classname="home.Newsletter_empty"/>
</testsuite> <!-- home.Newsletter_empty -->
