<?xml version="1.0" encoding="UTF-8"?>
<!-- Generated by org.testng.reporters.JUnitReportReporter -->
<testsuite hostname="PS-SBARANOVA" name="contact.Form_valid" tests="1" failures="0" timestamp="14 Apr 2016 06:50:02 GMT" time="43.368" errors="0">
  <testcase name="testUntitled6" time="43.368" classname="contact.Form_valid"/>
</testsuite> <!-- contact.Form_valid -->
