<?xml version="1.0" encoding="UTF-8"?>
<!-- Generated by org.testng.reporters.JUnitReportReporter -->
<testsuite hostname="PS-SBARANOVA" name="contact.JS_error" tests="1" failures="0" timestamp="8 Jul 2015 07:42:48 GMT" time="0.863" errors="0">
  <testcase name="testUntitled4" time="0.863" classname="contact.JS_error"/>
</testsuite> <!-- contact.JS_error -->
