<?xml version="1.0" encoding="UTF-8"?>
<!-- Generated by org.testng.reporters.JUnitReportReporter -->
<testsuite hostname="PS-SBARANOVA" name="home.Newsletter_invalid" tests="1" failures="0" timestamp="13 Apr 2016 08:28:26 GMT" time="1.228" errors="0">
  <testcase name="testUntitled2" time="1.228" classname="home.Newsletter_invalid"/>
</testsuite> <!-- home.Newsletter_invalid -->
