<?xml version="1.0" encoding="UTF-8"?>
<!-- Generated by org.testng.reporters.JUnitReportReporter -->
<testsuite hostname="Lana-laptop" name="about.Contact_us" tests="1" failures="0" timestamp="14 Aug 2014 13:20:49 GMT" time="2.088" errors="0">
  <testcase name="testUntitled6" time="2.088" classname="about.Contact_us"/>
</testsuite> <!-- about.Contact_us -->
