<?xml version="1.0" encoding="UTF-8"?>
<!-- Generated by org.testng.reporters.JUnitReportReporter -->
<testsuite hostname="PS-SBARANOVA" name="blog.Captche_enable" tests="1" failures="0" timestamp="8 Jul 2015 07:42:48 GMT" time="13.214" errors="0">
  <testcase name="testUntitled3" time="13.214" classname="blog.Captche_enable"/>
</testsuite> <!-- blog.Captche_enable -->
