<?xml version="1.0" encoding="UTF-8"?>
<!-- Generated by org.testng.reporters.JUnitReportReporter -->
<testsuite hostname="Lana-laptop" name="clients.JS_error_detail" tests="1" failures="0" timestamp="17 Dec 2014 14:40:08 GMT" time="1.476" errors="0">
  <testcase name="testUntitled4" time="1.476" classname="clients.JS_error_detail"/>
</testsuite> <!-- clients.JS_error_detail -->
