<?xml version="1.0" encoding="UTF-8"?>
<!-- Generated by org.testng.reporters.JUnitReportReporter -->
<testsuite hostname="PS-SBARANOVA" name="clients.Navigation" tests="1" failures="0" timestamp="8 Jul 2015 07:42:48 GMT" time="8.590" errors="0">
  <testcase name="testUntitled10" time="8.590" classname="clients.Navigation"/>
</testsuite> <!-- clients.Navigation -->
