<?xml version="1.0" encoding="UTF-8"?>
<!-- Generated by org.testng.reporters.JUnitReportReporter -->
<testsuite hostname="Lana-laptop" name="blog.Blog_page" tests="1" failures="0" timestamp="6 Aug 2014 11:05:15 GMT" time="0.831" errors="0">
  <testcase name="testUntitled2" time="0.831" classname="blog.Blog_page"/>
</testsuite> <!-- blog.Blog_page -->
