<?xml version="1.0" encoding="UTF-8"?>
<!-- Generated by org.testng.reporters.JUnitReportReporter -->
<testsuite hostname="PS-SBARANOVA" name="services.Page" tests="1" failures="0" timestamp="8 Jul 2015 07:42:48 GMT" time="1.347" errors="0">
  <testcase name="testUntitled2" time="1.347" classname="services.Page"/>
</testsuite> <!-- services.Page -->
