<?xml version="1.0" encoding="UTF-8"?>
<!-- Generated by org.testng.reporters.JUnitReportReporter -->
<testsuite hostname="PS-SBARANOVA" name="home.Newsletter_invalid" tests="1" failures="0" timestamp="14 Apr 2016 06:50:02 GMT" time="1.318" errors="0">
  <testcase name="testUntitled2" time="1.318" classname="home.Newsletter_invalid"/>
</testsuite> <!-- home.Newsletter_invalid -->
