<?xml version="1.0" encoding="UTF-8"?>
<!-- Generated by org.testng.reporters.JUnitReportReporter -->
<testsuite hostname="PS-SBARANOVA" name="clients.Website" tests="1" failures="0" timestamp="13 Apr 2016 13:37:35 GMT" time="21.337" errors="0">
  <testcase name="testUntitled7" time="21.337" classname="clients.Website"/>
</testsuite> <!-- clients.Website -->
