<?xml version="1.0" encoding="UTF-8"?>
<!-- Generated by org.testng.reporters.JUnitReportReporter -->
<testsuite hostname="PC-SBARANOVA" name="home.Newsletter_empty" tests="1" failures="0" timestamp="14 Jan 2015 16:14:58 GMT" time="10.918" errors="0">
  <testcase name="testUntitled5" time="10.918" classname="home.Newsletter_empty"/>
</testsuite> <!-- home.Newsletter_empty -->
