<?xml version="1.0" encoding="UTF-8"?>
<!-- Generated by org.testng.reporters.JUnitReportReporter -->
<testsuite hostname="PC-SBARANOVA" name="home.JS_error" tests="1" failures="0" timestamp="14 Jan 2015 09:04:09 GMT" time="34.118" errors="0">
  <testcase name="testUntitled4" time="34.118" classname="home.JS_error"/>
</testsuite> <!-- home.JS_error -->
