<?xml version="1.0" encoding="UTF-8"?>
<!-- Generated by org.testng.reporters.JUnitReportReporter -->
<testsuite hostname="Lana-laptop" name="clients.Navigation" tests="1" failures="0" timestamp="17 Dec 2014 14:40:08 GMT" time="15.758" errors="0">
  <testcase name="testUntitled10" time="15.758" classname="clients.Navigation"/>
</testsuite> <!-- clients.Navigation -->
