<?xml version="1.0" encoding="UTF-8"?>
<!-- Generated by org.testng.reporters.JUnitReportReporter -->
<testsuite hostname="PS-SBARANOVA" name="clients.Navigation" tests="1" failures="0" timestamp="14 Apr 2016 06:50:02 GMT" time="42.571" errors="0">
  <testcase name="testUntitled10" time="42.571" classname="clients.Navigation"/>
</testsuite> <!-- clients.Navigation -->
