<?xml version="1.0" encoding="UTF-8"?>
<!-- Generated by org.testng.reporters.JUnitReportReporter -->
<testsuite hostname="PS-SBARANOVA" name="home.Newsletter_invalid" tests="1" failures="0" timestamp="8 Jul 2015 07:42:48 GMT" time="0.855" errors="0">
  <testcase name="testUntitled2" time="0.855" classname="home.Newsletter_invalid"/>
</testsuite> <!-- home.Newsletter_invalid -->
