<?xml version="1.0" encoding="UTF-8"?>
<!-- Generated by org.testng.reporters.JUnitReportReporter -->
<testsuite hostname="PC-SBARANOVA" name="contact.Form_invalid" tests="1" failures="0" timestamp="17 Mar 2015 11:47:49 GMT" time="2.201" errors="0">
  <testcase name="testUntitled3" time="2.201" classname="contact.Form_invalid"/>
</testsuite> <!-- contact.Form_invalid -->
