<?xml version="1.0" encoding="UTF-8"?>
<!-- Generated by org.testng.reporters.JUnitReportReporter -->
<testsuite hostname="Lana-laptop" name="services.Page" tests="1" failures="0" timestamp="29 Jul 2014 11:00:27 GMT" time="3.302" errors="0">
  <testcase name="testUntitled2" time="3.302" classname="services.Page"/>
</testsuite> <!-- services.Page -->
