<?xml version="1.0" encoding="UTF-8"?>
<!-- Generated by org.testng.reporters.JUnitReportReporter -->
<testsuite hostname="PS-SBARANOVA" name="blog.JS_error_post" tests="1" failures="0" timestamp="8 Jul 2015 07:42:48 GMT" time="1.339" errors="0">
  <testcase name="testUntitled4" time="1.339" classname="blog.JS_error_post"/>
</testsuite> <!-- blog.JS_error_post -->
