<?xml version="1.0" encoding="UTF-8"?>
<!-- Generated by org.testng.reporters.JUnitReportReporter -->
<testsuite hostname="PS-SBARANOVA" name="about.Contact_us" tests="1" failures="0" timestamp="14 Apr 2016 06:50:02 GMT" time="6.159" errors="0">
  <testcase name="testUntitled6" time="6.159" classname="about.Contact_us"/>
</testsuite> <!-- about.Contact_us -->
