<?xml version="1.0" encoding="UTF-8"?>
<!-- Generated by org.testng.reporters.JUnitReportReporter -->
<testsuite hostname="Lana-laptop" name="home.Newsletter_empty" tests="1" failures="0" timestamp="17 Dec 2014 14:40:08 GMT" time="5.390" errors="0">
  <testcase name="testUntitled" time="5.390" classname="home.Newsletter_empty"/>
</testsuite> <!-- home.Newsletter_empty -->
