<?xml version="1.0" encoding="UTF-8"?>
<!-- Generated by org.testng.reporters.JUnitReportReporter -->
<testsuite hostname="Lana-laptop" name="contact.Contact_email_change" tests="1" failures="0" timestamp="17 Dec 2014 14:40:08 GMT" time="15.155" errors="0">
  <testcase name="testUntitled6" time="15.155" classname="contact.Contact_email_change"/>
</testsuite> <!-- contact.Contact_email_change -->
