<?xml version="1.0" encoding="UTF-8"?>
<!-- Generated by org.testng.reporters.JUnitReportReporter -->
<testsuite hostname="PS-SBARANOVA" name="clients.Details" tests="1" failures="0" timestamp="14 Apr 2016 06:50:02 GMT" time="39.009" errors="0">
  <testcase name="testUntitled8" time="39.009" classname="clients.Details"/>
</testsuite> <!-- clients.Details -->
