<?xml version="1.0" encoding="UTF-8"?>
<!-- Generated by org.testng.reporters.JUnitReportReporter -->
<testsuite hostname="Lana-laptop" name="contact.Form_empty" tests="1" failures="0" timestamp="6 Aug 2014 11:05:15 GMT" time="0.565" errors="0">
  <testcase name="testUntitled4" time="0.565" classname="contact.Form_empty"/>
</testsuite> <!-- contact.Form_empty -->
