<?xml version="1.0" encoding="UTF-8"?>
<!-- Generated by org.testng.reporters.JUnitReportReporter -->
<testsuite hostname="PC-SBARANOVA" name="clients.JS_error" tests="1" failures="0" timestamp="14 Jan 2015 09:04:10 GMT" time="1.549" errors="0">
  <testcase name="testUntitled4" time="1.549" classname="clients.JS_error"/>
</testsuite> <!-- clients.JS_error -->
