<?xml version="1.0" encoding="UTF-8"?>
<!-- Generated by org.testng.reporters.JUnitReportReporter -->
<testsuite hostname="PS-SBARANOVA" name="about.Contact_us" tests="1" failures="0" timestamp="13 Apr 2016 12:01:10 GMT" time="6.088" errors="0">
  <testcase name="testUntitled6" time="6.088" classname="about.Contact_us"/>
</testsuite> <!-- about.Contact_us -->
