<?xml version="1.0" encoding="UTF-8"?>
<!-- Generated by org.testng.reporters.JUnitReportReporter -->
<testsuite hostname="Lana-laptop" name="clients.Details" tests="1" failures="0" timestamp="14 Aug 2014 13:20:49 GMT" time="9.853" errors="0">
  <testcase name="testUntitled8" time="9.853" classname="clients.Details"/>
</testsuite> <!-- clients.Details -->
