<?xml version="1.0" encoding="UTF-8"?>
<!-- Generated by org.testng.reporters.JUnitReportReporter -->
<testsuite hostname="Lana-laptop" name="clients.Details_elements" tests="1" failures="0" timestamp="29 Jul 2014 09:01:47 GMT" time="9.151" errors="0">
  <testcase name="testUntitled9" time="9.151" classname="clients.Details_elements"/>
</testsuite> <!-- clients.Details_elements -->
