<?xml version="1.0" encoding="UTF-8"?>
<!-- Generated by org.testng.reporters.JUnitReportReporter -->
<testsuite hostname="PC-SBARANOVA" name="home.Newsletter_empty" tests="1" failures="0" timestamp="17 Mar 2015 11:47:49 GMT" time="6.438" errors="0">
  <testcase name="testUntitled5" time="6.438" classname="home.Newsletter_empty"/>
</testsuite> <!-- home.Newsletter_empty -->
