<?xml version="1.0" encoding="UTF-8"?>
<!-- Generated by org.testng.reporters.JUnitReportReporter -->
<testsuite hostname="PS-SBARANOVA" name="clients.Website" tests="1" failures="0" timestamp="14 Apr 2016 06:50:02 GMT" time="21.061" errors="0">
  <testcase name="testUntitled7" time="21.061" classname="clients.Website"/>
</testsuite> <!-- clients.Website -->
