<?xml version="1.0" encoding="UTF-8"?>
<!-- Generated by org.testng.reporters.JUnitReportReporter -->
<testsuite hostname="PS-SBARANOVA" name="contact.Contact_email_change" tests="1" failures="0" timestamp="14 Apr 2016 06:50:02 GMT" time="37.172" errors="0">
  <testcase name="testUntitled6" time="37.172" classname="contact.Contact_email_change"/>
</testsuite> <!-- contact.Contact_email_change -->
