<?xml version="1.0" encoding="UTF-8"?>
<!-- Generated by org.testng.reporters.JUnitReportReporter -->
<testsuite hostname="Lana-laptop" name="home.Newsletter_invalid" tests="1" failures="0" timestamp="6 Aug 2014 11:05:15 GMT" time="0.789" errors="0">
  <testcase name="testUntitled2" time="0.789" classname="home.Newsletter_invalid"/>
</testsuite> <!-- home.Newsletter_invalid -->
