<?xml version="1.0" encoding="UTF-8"?>
<!-- Generated by org.testng.reporters.JUnitReportReporter -->
<testsuite hostname="PS-SBARANOVA" name="blog.Captcha_empty" tests="1" failures="0" timestamp="14 Apr 2016 06:50:02 GMT" time="11.589" errors="0">
  <testcase name="testUntitled" time="11.589" classname="blog.Captcha_empty"/>
</testsuite> <!-- blog.Captcha_empty -->
