<?xml version="1.0" encoding="UTF-8"?>
<!-- Generated by org.testng.reporters.JUnitReportReporter -->
<testsuite hostname="Lana-laptop" name="blog.Captcha_invalid" tests="1" failures="0" timestamp="6 Aug 2014 11:05:15 GMT" time="7.476" errors="0">
  <testcase name="testUntitled2" time="7.476" classname="blog.Captcha_invalid"/>
</testsuite> <!-- blog.Captcha_invalid -->
