<?xml version="1.0" encoding="UTF-8"?>
<!-- Generated by org.testng.reporters.JUnitReportReporter -->
<testsuite hostname="PS-SBARANOVA" name="home.Banner" tests="1" failures="0" timestamp="8 Jul 2015 07:42:48 GMT" time="5.984" errors="0">
  <testcase name="testUntitled4" time="5.984" classname="home.Banner"/>
</testsuite> <!-- home.Banner -->
