<?xml version="1.0" encoding="UTF-8"?>
<!-- Generated by org.testng.reporters.JUnitReportReporter -->
<testsuite hostname="PS-SBARANOVA" name="blog.Captcha_disable" tests="1" failures="0" timestamp="14 Apr 2016 06:50:02 GMT" time="40.499" errors="0">
  <testcase name="testUntitled3" time="40.499" classname="blog.Captcha_disable"/>
</testsuite> <!-- blog.Captcha_disable -->
