<?xml version="1.0" encoding="UTF-8"?>
<!-- Generated by org.testng.reporters.JUnitReportReporter -->
<testsuite hostname="Lana-laptop" name="home.Newsletter_empty" tests="1" failures="0" timestamp="29 Jul 2014 06:17:40 GMT" time="2.629" errors="0">
  <testcase name="testUntitled" time="2.629" classname="home.Newsletter_empty"/>
</testsuite> <!-- home.Newsletter_empty -->
