<?xml version="1.0" encoding="UTF-8"?>
<!-- Generated by org.testng.reporters.JUnitReportReporter -->
<testsuite hostname="Lana-laptop" name="blog.Captcha_empty" tests="1" failures="0" timestamp="17 Dec 2014 14:40:08 GMT" time="8.764" errors="0">
  <testcase name="testUntitled" time="8.764" classname="blog.Captcha_empty"/>
</testsuite> <!-- blog.Captcha_empty -->
