<?xml version="1.0" encoding="UTF-8"?>
<!-- Generated by org.testng.reporters.JUnitReportReporter -->
<testsuite hostname="Lana-laptop" name="about.JS_error" tests="1" failures="0" timestamp="14 Aug 2014 13:20:49 GMT" time="17.999" errors="0">
  <testcase name="testUntitled4" time="17.999" classname="about.JS_error"/>
</testsuite> <!-- about.JS_error -->
