<?xml version="1.0" encoding="UTF-8"?>
<!-- Generated by org.testng.reporters.JUnitReportReporter -->
<testsuite hostname="PS-SBARANOVA" name="clients.Details" tests="1" failures="0" timestamp="13 Apr 2016 13:37:35 GMT" time="40.374" errors="0">
  <testcase name="testUntitled8" time="40.374" classname="clients.Details"/>
</testsuite> <!-- clients.Details -->
