<?xml version="1.0" encoding="UTF-8"?>
<!-- Generated by org.testng.reporters.JUnitReportReporter -->
<testsuite hostname="Lana-laptop" name="clients.Website" tests="1" failures="0" timestamp="29 Jul 2014 08:35:58 GMT" time="18.274" errors="0">
  <testcase name="testUntitled7" time="18.274" classname="clients.Website"/>
</testsuite> <!-- clients.Website -->
