<?xml version="1.0" encoding="UTF-8"?>
<!-- Generated by org.testng.reporters.JUnitReportReporter -->
<testsuite hostname="PS-SBARANOVA" name="services.Page" tests="1" failures="0" timestamp="14 Apr 2016 06:50:02 GMT" time="1.534" errors="0">
  <testcase name="testUntitled2" time="1.534" classname="services.Page"/>
</testsuite> <!-- services.Page -->
