<?xml version="1.0" encoding="UTF-8"?>
<!-- Generated by org.testng.reporters.JUnitReportReporter -->
<testsuite hostname="Lana-laptop" name="contact.Contact_email_change" tests="1" failures="0" timestamp="6 Aug 2014 11:05:15 GMT" time="3.672" errors="0">
  <testcase name="testUntitled6" time="3.672" classname="contact.Contact_email_change"/>
</testsuite> <!-- contact.Contact_email_change -->
