<?xml version="1.0" encoding="UTF-8"?>
<!-- Generated by org.testng.reporters.JUnitReportReporter -->
<testsuite hostname="PC-SBARANOVA" name="about.Tabs" tests="1" failures="0" timestamp="17 Mar 2015 11:47:49 GMT" time="3.427" errors="0">
  <testcase name="testUntitled5" time="3.427" classname="about.Tabs"/>
</testsuite> <!-- about.Tabs -->
