<?xml version="1.0" encoding="UTF-8"?>
<!-- Generated by org.testng.reporters.JUnitReportReporter -->
<testsuite hostname="Lana-laptop" name="services.JS_error" tests="1" failures="0" timestamp="17 Dec 2014 14:40:08 GMT" time="0.524" errors="0">
  <testcase name="testUntitled4" time="0.524" classname="services.JS_error"/>
</testsuite> <!-- services.JS_error -->
