<?xml version="1.0" encoding="UTF-8"?>
<!-- Generated by org.testng.reporters.JUnitReportReporter -->
<testsuite hostname="Lana-laptop" name="about.Tabs" tests="1" failures="0" timestamp="6 Aug 2014 11:05:15 GMT" time="3.388" errors="0">
  <testcase name="testUntitled5" time="3.388" classname="about.Tabs"/>
</testsuite> <!-- about.Tabs -->
