<?xml version="1.0" encoding="UTF-8"?>
<!-- Generated by org.testng.reporters.JUnitReportReporter -->
<testsuite hostname="PS-SBARANOVA" name="about.Tabs" tests="1" failures="0" timestamp="8 Jul 2015 07:42:48 GMT" time="3.399" errors="0">
  <testcase name="testUntitled5" time="3.399" classname="about.Tabs"/>
</testsuite> <!-- about.Tabs -->
