<?xml version="1.0" encoding="UTF-8"?>
<!-- Generated by org.testng.reporters.JUnitReportReporter -->
<testsuite hostname="Lana-laptop" name="about.Tabs" tests="1" failures="0" timestamp="29 Jul 2014 07:50:20 GMT" time="5.482" errors="0">
  <testcase name="testUntitled5" time="5.482" classname="about.Tabs"/>
</testsuite> <!-- about.Tabs -->
