<?xml version="1.0" encoding="UTF-8"?>
<!-- Generated by org.testng.reporters.JUnitReportReporter -->
<testsuite hostname="PS-SBARANOVA" name="clients.JS_error" tests="1" failures="0" timestamp="8 Jul 2015 07:42:48 GMT" time="4.771" errors="0">
  <testcase name="testUntitled4" time="4.771" classname="clients.JS_error"/>
</testsuite> <!-- clients.JS_error -->
