<?xml version="1.0" encoding="UTF-8"?>
<!-- Generated by org.testng.reporters.JUnitReportReporter -->
<testsuite hostname="PS-SBARANOVA" name="clients.Details_elements" tests="1" failures="0" timestamp="14 Apr 2016 06:50:02 GMT" time="16.533" errors="0">
  <testcase name="testUntitled9" time="16.533" classname="clients.Details_elements"/>
</testsuite> <!-- clients.Details_elements -->
