<?xml version="1.0" encoding="UTF-8"?>
<!-- Generated by org.testng.reporters.JUnitReportReporter -->
<testsuite hostname="PC-SBARANOVA" name="blog.JS_error_post" tests="1" failures="0" timestamp="17 Mar 2015 11:47:49 GMT" time="1.351" errors="0">
  <testcase name="testUntitled4" time="1.351" classname="blog.JS_error_post"/>
</testsuite> <!-- blog.JS_error_post -->
