<?xml version="1.0" encoding="UTF-8"?>
<!-- Generated by org.testng.reporters.JUnitReportReporter -->
<testsuite hostname="Lana-laptop" name="home.Banner" tests="1" failures="0" timestamp="29 Jul 2014 07:24:17 GMT" time="19.204" errors="0">
  <testcase name="testUntitled4" time="19.204" classname="home.Banner"/>
</testsuite> <!-- home.Banner -->
