<?xml version="1.0" encoding="UTF-8"?>
<!-- Generated by org.testng.reporters.JUnitReportReporter -->
<testsuite hostname="PC-SBARANOVA" name="services.JS_error" tests="1" failures="0" timestamp="17 Mar 2015 11:47:49 GMT" time="0.523" errors="0">
  <testcase name="testUntitled4" time="0.523" classname="services.JS_error"/>
</testsuite> <!-- services.JS_error -->
