<?xml version="1.0" encoding="UTF-8"?>
<!-- Generated by org.testng.reporters.JUnitReportReporter -->
<testsuite hostname="PC-SBARANOVA" name="blog.Captcha_invalid" tests="1" failures="0" timestamp="17 Mar 2015 11:47:49 GMT" time="8.339" errors="0">
  <testcase name="testUntitled2" time="8.339" classname="blog.Captcha_invalid"/>
</testsuite> <!-- blog.Captcha_invalid -->
