<?xml version="1.0" encoding="UTF-8"?>
<!-- Generated by org.testng.reporters.JUnitReportReporter -->
<testsuite hostname="PS-SBARANOVA" name="blog.Comment" tests="1" failures="0" timestamp="14 Apr 2016 06:50:02 GMT" time="74.143" errors="0">
  <testcase name="testUntitled4" time="74.143" classname="blog.Comment"/>
</testsuite> <!-- blog.Comment -->
