<?xml version="1.0" encoding="UTF-8"?>
<!-- Generated by org.testng.reporters.JUnitReportReporter -->
<testsuite hostname="Lana-laptop" name="services.Page" tests="1" failures="0" timestamp="17 Dec 2014 14:40:08 GMT" time="0.945" errors="0">
  <testcase name="testUntitled2" time="0.945" classname="services.Page"/>
</testsuite> <!-- services.Page -->
