<?xml version="1.0" encoding="UTF-8"?>
<!-- Generated by org.testng.reporters.JUnitReportReporter -->
<testsuite hostname="Lana-laptop" name="contact.Contact_email_change" tests="1" failures="0" timestamp="14 Aug 2014 13:20:49 GMT" time="9.369" errors="0">
  <testcase name="testUntitled6" time="9.369" classname="contact.Contact_email_change"/>
</testsuite> <!-- contact.Contact_email_change -->
