<?xml version="1.0" encoding="UTF-8"?>
<!-- Generated by org.testng.reporters.JUnitReportReporter -->
<testsuite hostname="Lana-laptop" name="blog.Blog_page" tests="1" failures="0" timestamp="17 Dec 2014 14:40:08 GMT" time="5.300" errors="0">
  <testcase name="testUntitled2" time="5.300" classname="blog.Blog_page"/>
</testsuite> <!-- blog.Blog_page -->
