<?xml version="1.0" encoding="UTF-8"?>
<!-- Generated by org.testng.reporters.JUnitReportReporter -->
<testsuite hostname="Lana-laptop" name="home.JS_error" tests="1" failures="0" timestamp="6 Aug 2014 11:05:15 GMT" time="4.781" errors="0">
  <testcase name="testUntitled4" time="4.781" classname="home.JS_error"/>
</testsuite> <!-- home.JS_error -->
