<?xml version="1.0" encoding="UTF-8"?>
<!-- Generated by org.testng.reporters.JUnitReportReporter -->
<testsuite hostname="PS-SBARANOVA" name="home.Banner" tests="1" failures="0" timestamp="13 Apr 2016 11:55:47 GMT" time="19.280" errors="0">
  <testcase name="testUntitled4" time="19.280" classname="home.Banner"/>
</testsuite> <!-- home.Banner -->
