<?xml version="1.0" encoding="UTF-8"?>
<!-- Generated by org.testng.reporters.JUnitReportReporter -->
<testsuite hostname="PS-SBARANOVA" name="clients.Navigation" tests="1" failures="0" timestamp="13 Apr 2016 13:37:35 GMT" time="42.514" errors="0">
  <testcase name="testUntitled10" time="42.514" classname="clients.Navigation"/>
</testsuite> <!-- clients.Navigation -->
