<?xml version="1.0" encoding="UTF-8"?>
<!-- Generated by org.testng.reporters.JUnitReportReporter -->
<testsuite hostname="Lana-laptop" name="blog.Comment" tests="1" failures="0" timestamp="6 Aug 2014 11:05:15 GMT" time="27.432" errors="0">
  <testcase name="testUntitled4" time="27.432" classname="blog.Comment"/>
</testsuite> <!-- blog.Comment -->
