<?xml version="1.0" encoding="UTF-8"?>
<!-- Generated by org.testng.reporters.JUnitReportReporter -->
<testsuite hostname="Lana-laptop" name="clients.Navigation" tests="1" failures="0" timestamp="29 Jul 2014 09:10:13 GMT" time="11.850" errors="0">
  <testcase name="testUntitled10" time="11.850" classname="clients.Navigation"/>
</testsuite> <!-- clients.Navigation -->
