<?xml version="1.0" encoding="UTF-8"?>
<!-- Generated by org.testng.reporters.JUnitReportReporter -->
<testsuite hostname="Lana-laptop" name="about.JS_error" tests="1" failures="0" timestamp="17 Dec 2014 14:40:08 GMT" time="3.068" errors="0">
  <testcase name="testUntitled4" time="3.068" classname="about.JS_error"/>
</testsuite> <!-- about.JS_error -->
