<?xml version="1.0" encoding="UTF-8"?>
<!-- Generated by org.testng.reporters.JUnitReportReporter -->
<testsuite hostname="PS-SBARANOVA" name="services.Page" tests="1" failures="0" timestamp="13 Apr 2016 13:55:43 GMT" time="7.424" errors="0">
  <testcase name="testUntitled2" time="7.424" classname="services.Page"/>
</testsuite> <!-- services.Page -->
