<?xml version="1.0" encoding="UTF-8"?>
<!-- Generated by org.testng.reporters.JUnitReportReporter -->
<testsuite hostname="Lana-laptop" name="home.Newsletter_valid" tests="1" failures="0" timestamp="6 Aug 2014 11:05:15 GMT" time="2.119" errors="0">
  <testcase name="testUntitled3" time="2.119" classname="home.Newsletter_valid"/>
</testsuite> <!-- home.Newsletter_valid -->
