<?xml version="1.0" encoding="UTF-8"?>
<!-- Generated by org.testng.reporters.JUnitReportReporter -->
<testsuite hostname="PS-SBARANOVA" name="contact.Form_invalid" tests="1" failures="0" timestamp="8 Jul 2015 07:42:48 GMT" time="1.917" errors="0">
  <testcase name="testUntitled3" time="1.917" classname="contact.Form_invalid"/>
</testsuite> <!-- contact.Form_invalid -->
