<?xml version="1.0" encoding="UTF-8"?>
<!-- Generated by org.testng.reporters.JUnitReportReporter -->
<testsuite hostname="PS-SBARANOVA" name="contact.Form_empty" tests="1" failures="0" timestamp="14 Apr 2016 06:50:02 GMT" time="1.311" errors="0">
  <testcase name="testUntitled4" time="1.311" classname="contact.Form_empty"/>
</testsuite> <!-- contact.Form_empty -->
