<?xml version="1.0" encoding="UTF-8"?>
<!-- Generated by org.testng.reporters.JUnitReportReporter -->
<testsuite hostname="PS-SBARANOVA" name="home.JS_error" tests="1" failures="0" timestamp="8 Jul 2015 07:42:48 GMT" time="4.683" errors="0">
  <testcase name="testUntitled2" time="4.683" classname="home.JS_error"/>
</testsuite> <!-- home.JS_error -->
