<?xml version="1.0" encoding="UTF-8"?>
<!-- Generated by org.testng.reporters.JUnitReportReporter -->
<testsuite hostname="PS-SBARANOVA" name="home.Newsletter_empty" tests="1" failures="0" timestamp="14 Apr 2016 06:50:02 GMT" time="6.151" errors="0">
  <testcase name="testUntitled5" time="6.151" classname="home.Newsletter_empty"/>
</testsuite> <!-- home.Newsletter_empty -->
