<?xml version="1.0" encoding="UTF-8"?>
<!-- Generated by org.testng.reporters.JUnitReportReporter -->
<testsuite hostname="PS-SBARANOVA" name="blog.JS_error_blog" tests="1" failures="0" timestamp="13 Apr 2016 07:46:13 GMT" time="7.054" errors="0">
  <testcase name="testUntitled4" time="7.054" classname="blog.JS_error_blog"/>
</testsuite> <!-- blog.JS_error_blog -->
