<?xml version="1.0" encoding="UTF-8"?>
<!-- Generated by org.testng.reporters.JUnitReportReporter -->
<testsuite hostname="PS-SBARANOVA" name="home.Newsletter_valid" tests="1" failures="0" timestamp="13 Apr 2016 08:28:26 GMT" time="8.032" errors="0">
  <testcase name="testUntitled3" time="8.032" classname="home.Newsletter_valid"/>
</testsuite> <!-- home.Newsletter_valid -->
