<?xml version="1.0" encoding="UTF-8"?>
<!-- Generated by org.testng.reporters.JUnitReportReporter -->
<testsuite hostname="Lana-laptop" name="clients.Details" tests="1" failures="0" timestamp="17 Dec 2014 14:40:08 GMT" time="24.884" errors="0">
  <testcase name="testUntitled8" time="24.884" classname="clients.Details"/>
</testsuite> <!-- clients.Details -->
