<?xml version="1.0" encoding="UTF-8"?>
<!-- Generated by org.testng.reporters.JUnitReportReporter -->
<testsuite hostname="PS-SBARANOVA" name="blog.Search" tests="1" failures="0" timestamp="14 Apr 2016 06:50:02 GMT" time="11.260" errors="0">
  <testcase name="testUntitled3" time="11.260" classname="blog.Search"/>
</testsuite> <!-- blog.Search -->
