<?xml version="1.0" encoding="UTF-8"?>
<!-- Generated by org.testng.reporters.JUnitReportReporter -->
<testsuite hostname="PS-SBARANOVA" name="blog.Captcha_empty" tests="1" failures="0" timestamp="8 Jul 2015 07:42:48 GMT" time="7.448" errors="0">
  <testcase name="testUntitled" time="7.448" classname="blog.Captcha_empty"/>
</testsuite> <!-- blog.Captcha_empty -->
