<?xml version="1.0" encoding="UTF-8"?>
<!-- Generated by org.testng.reporters.JUnitReportReporter -->
<testsuite hostname="PS-SBARANOVA" name="clients.Details_elements" tests="1" failures="0" timestamp="8 Jul 2015 07:42:48 GMT" time="5.412" errors="0">
  <testcase name="testUntitled9" time="5.412" classname="clients.Details_elements"/>
</testsuite> <!-- clients.Details_elements -->
