<?xml version="1.0" encoding="UTF-8"?>
<!-- Generated by org.testng.reporters.JUnitReportReporter -->
<testsuite hostname="Lana-laptop" name="blog.Captcha_disable" tests="1" failures="0" timestamp="17 Dec 2014 14:40:08 GMT" time="13.397" errors="0">
  <testcase name="testUntitled3" time="13.397" classname="blog.Captcha_disable"/>
</testsuite> <!-- blog.Captcha_disable -->
