<?xml version="1.0" encoding="UTF-8"?>
<!-- Generated by org.testng.reporters.JUnitReportReporter -->
<testsuite hostname="Lana-laptop" name="clients.Details" tests="1" failures="0" timestamp="29 Jul 2014 08:41:27 GMT" time="7.074" errors="0">
  <testcase name="testUntitled8" time="7.074" classname="clients.Details"/>
</testsuite> <!-- clients.Details -->
