<?xml version="1.0" encoding="UTF-8"?>
<!-- Generated by org.testng.reporters.JUnitReportReporter -->
<testsuite hostname="Lana-laptop" name="contact.JS_error" tests="1" failures="0" timestamp="6 Aug 2014 11:05:15 GMT" time="0.697" errors="0">
  <testcase name="testUntitled4" time="0.697" classname="contact.JS_error"/>
</testsuite> <!-- contact.JS_error -->
