<?xml version="1.0" encoding="UTF-8"?>
<!-- Generated by org.testng.reporters.JUnitReportReporter -->
<testsuite hostname="Lana-laptop" name="blog.Comment" tests="1" failures="0" timestamp="17 Dec 2014 14:40:08 GMT" time="31.550" errors="0">
  <testcase name="testUntitled4" time="31.550" classname="blog.Comment"/>
</testsuite> <!-- blog.Comment -->
