<?xml version="1.0" encoding="UTF-8"?>
<!-- Generated by org.testng.reporters.JUnitReportReporter -->
<testsuite hostname="Lana-laptop" name="home.Newsletter_invalid" tests="1" failures="0" timestamp="14 Aug 2014 13:20:49 GMT" time="1.267" errors="0">
  <testcase name="testUntitled2" time="1.267" classname="home.Newsletter_invalid"/>
</testsuite> <!-- home.Newsletter_invalid -->
