<?xml version="1.0" encoding="UTF-8"?>
<!-- Generated by org.testng.reporters.JUnitReportReporter -->
<testsuite hostname="Lana-laptop" name="clients.Navigation" tests="1" failures="0" timestamp="14 Aug 2014 13:20:49 GMT" time="11.016" errors="0">
  <testcase name="testUntitled10" time="11.016" classname="clients.Navigation"/>
</testsuite> <!-- clients.Navigation -->
