<?xml version="1.0" encoding="UTF-8"?>
<!-- Generated by org.testng.reporters.JUnitReportReporter -->
<testsuite hostname="Lana-laptop" name="blog.Captcha_disable" tests="1" failures="0" timestamp="14 Aug 2014 13:20:49 GMT" time="16.876" errors="0">
  <testcase name="testUntitled3" time="16.876" classname="blog.Captcha_disable"/>
</testsuite> <!-- blog.Captcha_disable -->
