<?xml version="1.0" encoding="UTF-8"?>
<!-- Generated by org.testng.reporters.JUnitReportReporter -->
<testsuite hostname="Lana-laptop" name="blog.JS_error_post" tests="1" failures="0" timestamp="14 Aug 2014 13:20:48 GMT" time="1.047" errors="0">
  <testcase name="testUntitled4" time="1.047" classname="blog.JS_error_post"/>
</testsuite> <!-- blog.JS_error_post -->
