<?xml version="1.0" encoding="UTF-8"?>
<!-- Generated by org.testng.reporters.JUnitReportReporter -->
<testsuite hostname="PS-SBARANOVA" name="about.Tabs" tests="1" failures="0" timestamp="13 Apr 2016 12:01:10 GMT" time="19.343" errors="0">
  <testcase name="testUntitled5" time="19.343" classname="about.Tabs"/>
</testsuite> <!-- about.Tabs -->
