<?xml version="1.0" encoding="UTF-8"?>
<!-- Generated by org.testng.reporters.JUnitReportReporter -->
<testsuite hostname="Lana-laptop" name="blog.Captche_enable" tests="1" failures="0" timestamp="14 Aug 2014 13:20:49 GMT" time="14.756" errors="0">
  <testcase name="testUntitled3" time="14.756" classname="blog.Captche_enable"/>
</testsuite> <!-- blog.Captche_enable -->
